\BOOKMARK [0][-]{chapter.1}{Introduction}{}
\BOOKMARK [1][-]{section.1.1}{The game from the player's point of view}{chapter.1}
\BOOKMARK [1][-]{section.1.2}{The rules}{chapter.1}
\BOOKMARK [1][-]{section.1.3}{The technology}{chapter.1}
\BOOKMARK [0][-]{chapter.2}{Server-Client Interaction}{}
\BOOKMARK [1][-]{section.2.1}{The socket protocol}{chapter.2}
\BOOKMARK [2][-]{subsection.2.1.1}{Introduction}{section.2.1}
\BOOKMARK [2][-]{subsection.2.1.2}{Message format}{section.2.1}
\BOOKMARK [2][-]{subsection.2.1.3}{Codes for the addressee and sender}{section.2.1}
\BOOKMARK [2][-]{subsection.2.1.4}{Message types}{section.2.1}
\BOOKMARK [2][-]{subsection.2.1.5}{Message format of the board}{section.2.1}
\BOOKMARK [2][-]{subsection.2.1.6}{Role of the controller}{section.2.1}
\BOOKMARK [0][-]{chapter.3}{Player-module}{}
\BOOKMARK [1][-]{section.3.1}{functions and procedures}{chapter.3}
\BOOKMARK [2][-]{subsection.3.1.1}{Click}{section.3.1}
\BOOKMARK [2][-]{subsection.3.1.2}{Connect}{section.3.1}
\BOOKMARK [2][-]{subsection.3.1.3}{Stop}{section.3.1}
\BOOKMARK [1][-]{section.3.2}{Socketinput}{chapter.3}
\BOOKMARK [2][-]{subsection.3.2.1}{Team}{section.3.2}
\BOOKMARK [2][-]{subsection.3.2.2}{CanMove}{section.3.2}
\BOOKMARK [2][-]{subsection.3.2.3}{Stop}{section.3.2}
\BOOKMARK [0][-]{chapter.4}{Boardmodule}{}
\BOOKMARK [1][-]{section.4.1}{The specification}{chapter.4}
\BOOKMARK [2][-]{subsection.4.1.1}{Helpful Functions}{section.4.1}
\BOOKMARK [2][-]{subsection.4.1.2}{Initialisation}{section.4.1}
\BOOKMARK [2][-]{subsection.4.1.3}{Flood}{section.4.1}
\BOOKMARK [2][-]{subsection.4.1.4}{Update Status}{section.4.1}
\BOOKMARK [2][-]{subsection.4.1.5}{Initialisation}{section.4.1}
\BOOKMARK [2][-]{subsection.4.1.6}{Joining}{section.4.1}
\BOOKMARK [2][-]{subsection.4.1.7}{Disconnecting}{section.4.1}
\BOOKMARK [2][-]{subsection.4.1.8}{Taking Turns}{section.4.1}
\BOOKMARK [2][-]{subsection.4.1.9}{Moving}{section.4.1}
